{
  "RSpec": {
    "coverage": {
      "/home/armandito/webapps/gestionclub/app/models/costo_por_categoria.rb": [
        1,
        1,
        1,
        null,
        1,
        null,
        null
      ],
      "/home/armandito/webapps/gestionclub/app/models/periodo.rb": [
        1,
        null,
        1,
        1,
        1,
        null,
        1,
        null,
        1,
        null,
        1,
        19,
        12,
        null,
        null,
        null,
        1,
        null,
        2,
        2,
        null,
        null,
        null,
        null
      ],
      "/home/armandito/webapps/gestionclub/app/models/rol.rb": [
        1,
        1,
        null,
        1,
        null,
        1,
        null,
        1,
        0,
        null,
        null,
        1,
        3,
        3,
        null,
        null,
        1,
        6,
        null,
        null,
        1,
        5,
        null,
        null,
        1,
        18,
        null,
        null,
        null
      ],
      "/home/armandito/webapps/gestionclub/app/models/socio.rb": [
        1,
        null,
        1,
        null,
        1,
        1,
        1,
        null,
        1,
        1,
        1,
        null,
        3,
        null,
        1,
        10,
        10,
        null,
        null,
        1,
        43,
        31,
        31,
        null,
        null,
        null,
        1,
        1,
        null,
        null,
        1,
        5,
        null,
        null,
        1,
        4,
        null,
        null,
        1,
        null,
        1,
        null,
        1,
        6,
        null,
        null,
        null
      ],
      "/home/armandito/webapps/gestionclub/app/models/user.rb": [
        1,
        null,
        null,
        1,
        null,
        1,
        null,
        1,
        18,
        null,
        null,
        null
      ],
      "/home/armandito/webapps/gestionclub/app/helpers/application_helper.rb": [
        1,
        1,
        0,
        null,
        null,
        1,
        0,
        0,
        null,
        0,
        null,
        null,
        null
      ],
      "/home/armandito/webapps/gestionclub/app/controllers/socios_controller.rb": [
        1,
        1,
        1,
        null,
        1,
        null,
        null,
        null,
        1,
        3,
        3,
        null,
        null,
        null,
        null,
        1,
        null,
        null,
        null,
        1,
        1,
        null,
        null,
        null,
        1,
        null,
        null,
        null,
        null,
        1,
        5,
        5,
        5,
        6,
        3,
        null,
        4,
        2,
        null,
        null,
        null,
        null,
        null,
        null,
        1,
        5,
        5,
        4,
        2,
        null,
        6,
        3,
        null,
        null,
        null,
        null,
        null,
        null,
        1,
        2,
        2,
        4,
        2,
        null,
        null,
        null,
        1,
        null,
        1,
        9,
        null,
        null,
        null,
        1,
        10,
        null,
        null,
        1,
        18,
        null,
        null,
        null
      ],
      "/home/armandito/webapps/gestionclub/app/controllers/application_controller.rb": [
        1,
        1,
        null,
        null,
        null,
        1,
        null,
        1,
        0,
        0,
        null,
        null
      ],
      "/home/armandito/webapps/gestionclub/app/models/categoria.rb": [
        1,
        1,
        1,
        null,
        1,
        11,
        null,
        null,
        1,
        0,
        null,
        null
      ],
      "/home/armandito/webapps/gestionclub/app/models/deuda.rb": [
        1,
        1,
        null,
        1,
        1,
        1,
        null,
        1,
        1,
        null,
        3,
        null,
        1,
        32,
        18,
        null,
        null,
        null,
        1,
        10,
        null,
        null,
        1,
        11,
        null,
        null,
        1,
        0,
        null,
        null,
        1,
        4,
        null,
        null,
        1,
        8,
        null,
        null,
        null
      ],
      "/home/armandito/webapps/gestionclub/app/models/pago.rb": [
        1,
        null,
        1,
        null,
        1,
        null,
        1,
        5,
        null,
        null,
        1,
        null,
        1,
        11,
        1,
        1,
        null,
        null,
        null,
        null,
        null
      ],
      "/home/armandito/webapps/gestionclub/app/controllers/users/sessions_controller.rb": [
        1,
        1,
        null,
        null
      ],
      "/home/armandito/webapps/gestionclub/app/controllers/web_controller.rb": [
        1,
        1,
        1,
        0,
        1,
        0,
        1,
        1,
        null,
        0,
        0,
        0,
        null,
        null,
        null
      ],
      "/home/armandito/webapps/gestionclub/app/policies/socio_policy.rb": [
        1,
        1,
        18,
        null,
        null
      ],
      "/home/armandito/webapps/gestionclub/app/models/balance.rb": [
        1,
        null,
        1,
        null,
        1,
        null,
        1,
        6,
        null,
        null,
        1,
        15,
        5,
        null,
        null,
        1,
        1,
        null,
        null,
        1,
        null,
        1,
        10,
        10,
        10,
        null,
        null,
        1,
        10,
        null,
        null,
        1,
        2,
        null,
        null,
        1,
        12,
        null,
        null,
        null
      ]
    },
    "timestamp": 1395761022
  }
}
